<?xml version="1.0" encoding="UTF-8"?>
<testsuite xmlns:xsi="http://www.w3.org/2001/XMLSchema-instance" xsi:noNamespaceSchemaLocation="https://maven.apache.org/surefire/maven-surefire-plugin/xsd/surefire-test-report.xsd" name="JobTest" time="9.741" tests="1" errors="0" skipped="0" failures="1">
  <properties>
    <property name="java.specification.version" value="13"/>
    <property name="sun.jnu.encoding" value="UTF-8"/>
    <property name="java.class.path" value="/Users/AngryVinni/Desktop/codeShit/cto/TestCTCo/target/test-classes:/Users/AngryVinni/Desktop/codeShit/cto/TestCTCo/target/classes:/Users/AngryVinni/.m2/repository/junit/junit/4.11/junit-4.11.jar:/Users/AngryVinni/.m2/repository/org/hamcrest/hamcrest-core/1.3/hamcrest-core-1.3.jar:/Users/AngryVinni/.m2/repository/org/seleniumhq/selenium/selenium-chrome-driver/3.141.59/selenium-chrome-driver-3.141.59.jar:/Users/AngryVinni/.m2/repository/org/seleniumhq/selenium/selenium-api/3.141.59/selenium-api-3.141.59.jar:/Users/AngryVinni/.m2/repository/net/bytebuddy/byte-buddy/1.8.15/byte-buddy-1.8.15.jar:/Users/AngryVinni/.m2/repository/org/apache/commons/commons-exec/1.3/commons-exec-1.3.jar:/Users/AngryVinni/.m2/repository/com/google/guava/guava/25.0-jre/guava-25.0-jre.jar:/Users/AngryVinni/.m2/repository/com/google/code/findbugs/jsr305/1.3.9/jsr305-1.3.9.jar:/Users/AngryVinni/.m2/repository/org/checkerframework/checker-compat-qual/2.0.0/checker-compat-qual-2.0.0.jar:/Users/AngryVinni/.m2/repository/com/google/errorprone/error_prone_annotations/2.1.3/error_prone_annotations-2.1.3.jar:/Users/AngryVinni/.m2/repository/com/google/j2objc/j2objc-annotations/1.1/j2objc-annotations-1.1.jar:/Users/AngryVinni/.m2/repository/org/codehaus/mojo/animal-sniffer-annotations/1.14/animal-sniffer-annotations-1.14.jar:/Users/AngryVinni/.m2/repository/com/squareup/okhttp3/okhttp/3.11.0/okhttp-3.11.0.jar:/Users/AngryVinni/.m2/repository/com/squareup/okio/okio/1.14.0/okio-1.14.0.jar:/Users/AngryVinni/.m2/repository/org/seleniumhq/selenium/selenium-remote-driver/3.141.59/selenium-remote-driver-3.141.59.jar:/Users/AngryVinni/.m2/repository/org/apache/struts/struts-core/1.3.8/struts-core-1.3.8.jar:/Users/AngryVinni/.m2/repository/commons-beanutils/commons-beanutils/1.7.0/commons-beanutils-1.7.0.jar:/Users/AngryVinni/.m2/repository/commons-chain/commons-chain/1.1/commons-chain-1.1.jar:/Users/AngryVinni/.m2/repository/commons-digester/commons-digester/1.8/commons-digester-1.8.jar:/Users/AngryVinni/.m2/repository/commons-logging/commons-logging/1.0.4/commons-logging-1.0.4.jar:/Users/AngryVinni/.m2/repository/commons-validator/commons-validator/1.3.1/commons-validator-1.3.1.jar:/Users/AngryVinni/.m2/repository/oro/oro/2.0.8/oro-2.0.8.jar:/Users/AngryVinni/.m2/repository/antlr/antlr/2.7.7/antlr-2.7.7.jar:/Users/AngryVinni/.m2/repository/org/seleniumhq/selenium/selenium-support/3.12.0/selenium-support-3.12.0.jar:/Users/AngryVinni/.m2/repository/commons-codec/commons-codec/1.10/commons-codec-1.10.jar:/Users/AngryVinni/.m2/repository/com/google/code/gson/gson/2.8.2/gson-2.8.2.jar:/Users/AngryVinni/.m2/repository/org/apache/httpcomponents/httpclient/4.5.3/httpclient-4.5.3.jar:/Users/AngryVinni/.m2/repository/org/apache/httpcomponents/httpcore/4.4.6/httpcore-4.4.6.jar:"/>
    <property name="java.vm.vendor" value="Oracle Corporation"/>
    <property name="sun.arch.data.model" value="64"/>
    <property name="java.vendor.url" value="https://openjdk.java.net/"/>
    <property name="os.name" value="Mac OS X"/>
    <property name="java.vm.specification.version" value="13"/>
    <property name="sun.java.launcher" value="SUN_STANDARD"/>
    <property name="user.country" value="LV"/>
    <property name="sun.boot.library.path" value="/usr/local/Cellar/openjdk/13.0.2+8_2/libexec/openjdk.jdk/Contents/Home/lib"/>
    <property name="sun.java.command" value="/Users/AngryVinni/Desktop/codeShit/cto/TestCTCo/target/surefire/surefirebooter10550738690673043552.jar /Users/AngryVinni/Desktop/codeShit/cto/TestCTCo/target/surefire 2020-04-13T16-51-47_109-jvmRun1 surefire16318731055710030004tmp surefire_05552370076474983542tmp"/>
    <property name="http.nonProxyHosts" value="local|*.local|169.254/16|*.169.254/16"/>
    <property name="jdk.debug" value="release"/>
    <property name="surefire.test.class.path" value="/Users/AngryVinni/Desktop/codeShit/cto/TestCTCo/target/test-classes:/Users/AngryVinni/Desktop/codeShit/cto/TestCTCo/target/classes:/Users/AngryVinni/.m2/repository/junit/junit/4.11/junit-4.11.jar:/Users/AngryVinni/.m2/repository/org/hamcrest/hamcrest-core/1.3/hamcrest-core-1.3.jar:/Users/AngryVinni/.m2/repository/org/seleniumhq/selenium/selenium-chrome-driver/3.141.59/selenium-chrome-driver-3.141.59.jar:/Users/AngryVinni/.m2/repository/org/seleniumhq/selenium/selenium-api/3.141.59/selenium-api-3.141.59.jar:/Users/AngryVinni/.m2/repository/net/bytebuddy/byte-buddy/1.8.15/byte-buddy-1.8.15.jar:/Users/AngryVinni/.m2/repository/org/apache/commons/commons-exec/1.3/commons-exec-1.3.jar:/Users/AngryVinni/.m2/repository/com/google/guava/guava/25.0-jre/guava-25.0-jre.jar:/Users/AngryVinni/.m2/repository/com/google/code/findbugs/jsr305/1.3.9/jsr305-1.3.9.jar:/Users/AngryVinni/.m2/repository/org/checkerframework/checker-compat-qual/2.0.0/checker-compat-qual-2.0.0.jar:/Users/AngryVinni/.m2/repository/com/google/errorprone/error_prone_annotations/2.1.3/error_prone_annotations-2.1.3.jar:/Users/AngryVinni/.m2/repository/com/google/j2objc/j2objc-annotations/1.1/j2objc-annotations-1.1.jar:/Users/AngryVinni/.m2/repository/org/codehaus/mojo/animal-sniffer-annotations/1.14/animal-sniffer-annotations-1.14.jar:/Users/AngryVinni/.m2/repository/com/squareup/okhttp3/okhttp/3.11.0/okhttp-3.11.0.jar:/Users/AngryVinni/.m2/repository/com/squareup/okio/okio/1.14.0/okio-1.14.0.jar:/Users/AngryVinni/.m2/repository/org/seleniumhq/selenium/selenium-remote-driver/3.141.59/selenium-remote-driver-3.141.59.jar:/Users/AngryVinni/.m2/repository/org/apache/struts/struts-core/1.3.8/struts-core-1.3.8.jar:/Users/AngryVinni/.m2/repository/commons-beanutils/commons-beanutils/1.7.0/commons-beanutils-1.7.0.jar:/Users/AngryVinni/.m2/repository/commons-chain/commons-chain/1.1/commons-chain-1.1.jar:/Users/AngryVinni/.m2/repository/commons-digester/commons-digester/1.8/commons-digester-1.8.jar:/Users/AngryVinni/.m2/repository/commons-logging/commons-logging/1.0.4/commons-logging-1.0.4.jar:/Users/AngryVinni/.m2/repository/commons-validator/commons-validator/1.3.1/commons-validator-1.3.1.jar:/Users/AngryVinni/.m2/repository/oro/oro/2.0.8/oro-2.0.8.jar:/Users/AngryVinni/.m2/repository/antlr/antlr/2.7.7/antlr-2.7.7.jar:/Users/AngryVinni/.m2/repository/org/seleniumhq/selenium/selenium-support/3.12.0/selenium-support-3.12.0.jar:/Users/AngryVinni/.m2/repository/commons-codec/commons-codec/1.10/commons-codec-1.10.jar:/Users/AngryVinni/.m2/repository/com/google/code/gson/gson/2.8.2/gson-2.8.2.jar:/Users/AngryVinni/.m2/repository/org/apache/httpcomponents/httpclient/4.5.3/httpclient-4.5.3.jar:/Users/AngryVinni/.m2/repository/org/apache/httpcomponents/httpcore/4.4.6/httpcore-4.4.6.jar:"/>
    <property name="sun.cpu.endian" value="little"/>
    <property name="user.home" value="/Users/AngryVinni"/>
    <property name="user.language" value="en"/>
    <property name="java.specification.vendor" value="Oracle Corporation"/>
    <property name="java.version.date" value="2020-01-14"/>
    <property name="java.home" value="/usr/local/Cellar/openjdk/13.0.2+8_2/libexec/openjdk.jdk/Contents/Home"/>
    <property name="file.separator" value="/"/>
    <property name="basedir" value="/Users/AngryVinni/Desktop/codeShit/cto/TestCTCo"/>
    <property name="java.vm.compressedOopsMode" value="Zero based"/>
    <property name="line.separator" value="&#10;"/>
    <property name="java.specification.name" value="Java Platform API Specification"/>
    <property name="java.vm.specification.vendor" value="Oracle Corporation"/>
    <property name="surefire.real.class.path" value="/Users/AngryVinni/Desktop/codeShit/cto/TestCTCo/target/surefire/surefirebooter10550738690673043552.jar"/>
    <property name="sun.management.compiler" value="HotSpot 64-Bit Tiered Compilers"/>
    <property name="ftp.nonProxyHosts" value="local|*.local|169.254/16|*.169.254/16"/>
    <property name="java.runtime.version" value="13.0.2+8"/>
    <property name="user.name" value="AngryVinni"/>
    <property name="path.separator" value=":"/>
    <property name="os.version" value="10.15.3"/>
    <property name="java.runtime.name" value="OpenJDK Runtime Environment"/>
    <property name="file.encoding" value="UTF-8"/>
    <property name="java.vm.name" value="OpenJDK 64-Bit Server VM"/>
    <property name="localRepository" value="/Users/AngryVinni/.m2/repository"/>
    <property name="java.vendor.url.bug" value="https://bugreport.java.com/bugreport/"/>
    <property name="java.io.tmpdir" value="/var/folders/sm/gq_tmhks1yzg93r746nk_v640000gn/T/"/>
    <property name="java.version" value="13.0.2"/>
    <property name="user.dir" value="/Users/AngryVinni/Desktop/codeShit/cto/TestCTCo"/>
    <property name="os.arch" value="x86_64"/>
    <property name="java.vm.specification.name" value="Java Virtual Machine Specification"/>
    <property name="java.library.path" value="/Users/AngryVinni/Library/Java/Extensions:/Library/Java/Extensions:/Network/Library/Java/Extensions:/System/Library/Java/Extensions:/usr/lib/java:."/>
    <property name="java.vm.info" value="mixed mode, sharing"/>
    <property name="java.vendor" value="N/A"/>
    <property name="java.vm.version" value="13.0.2+8"/>
    <property name="sun.io.unicode.encoding" value="UnicodeBig"/>
    <property name="socksNonProxyHosts" value="local|*.local|169.254/16|*.169.254/16"/>
    <property name="java.class.version" value="57.0"/>
  </properties>
  <testcase name="testJob" classname="JobTest" time="9.692">
    <failure message="expected:&lt;5&gt; but was:&lt;4&gt;" type="java.lang.AssertionError"><![CDATA[java.lang.AssertionError: expected:<5> but was:<4>
	at JobTest.testJob(JobTest.java:29)
]]></failure>
    <system-out><![CDATA[4
]]></system-out>
    <system-err><![CDATA[Starting ChromeDriver 79.0.3945.36 (3582db32b33893869b8c1339e8f4d9ed1816f143-refs/branch-heads/3945@{#614}) on port 21691
Only local connections are allowed.
Please protect ports used by ChromeDriver and related test frameworks to prevent access by malicious code.
[1586785908.946][WARNING]: This version of ChromeDriver has not been tested with Chrome version 80.
Apr 13, 2020 4:51:49 PM org.openqa.selenium.remote.ProtocolHandshake createSession
INFO: Detected dialect: W3C
]]></system-err>
  </testcase>
</testsuite>